<?xml version="1.0" encoding="UTF-8"?>
<!-- Generated by org.testng.reporters.JUnitReportReporter -->
<testsuite hostname="Paarthis" failures="0" tests="1" name="trustwallet.TrustWallet_TC_001_OpenApp" time="92.156" errors="0" timestamp="2023-03-25T08:39:46 IST" skipped="0">
  <testcase classname="trustwallet.TrustWallet_TC_001_OpenApp" name="openTheApp" time="92.156"/>
  <system-out/>
</testsuite> <!-- trustwallet.TrustWallet_TC_001_OpenApp -->
